<?xml version="1.0" encoding="UTF-8"?>
<!-- Generated by org.testng.reporters.JUnitXMLReporter -->
<testsuite ignored="0" hostname="DESKTOP-EIT54MR" failures="1" tests="3" name="Error Validation Test" time="30.777" errors="0" timestamp="2024-10-29T20:21:56 CST">
  <testcase classname="rahulshettyacademy.tests.ErrorValidationsTest" name="ErrorLoginValidation" time="1.607">
    <skipped/>
  </testcase> <!-- ErrorLoginValidation -->
  <testcase classname="rahulshettyacademy.tests.ErrorValidationsTest" name="ErrorLoginValidation" time="4.531">
    <failure type="java.lang.AssertionError" message="expected [Incorrect email password.] but found [Incorrect email or password.]">
      <![CDATA[java.lang.AssertionError: expected [Incorrect email password.] but found [Incorrect email or password.]
at rahulshettyacademy.tests.ErrorValidationsTest.ErrorLoginValidation(ErrorValidationsTest.java:22)
at java.base/java.util.ArrayList.forEach(ArrayList.java:1596)
at java.base/java.util.concurrent.FutureTask.run(FutureTask.java:317)
at java.base/java.util.concurrent.ThreadPoolExecutor.runWorker(ThreadPoolExecutor.java:1144)
at java.base/java.util.concurrent.ThreadPoolExecutor$Worker.run(ThreadPoolExecutor.java:642)
at java.base/java.lang.Thread.run(Thread.java:1583)
... Removed 21 stack frames]]>
    </failure>
  </testcase> <!-- ErrorLoginValidation -->
  <testcase classname="rahulshettyacademy.tests.ErrorValidationsTest" name="productErrorValidation" time="9.095"/>
</testsuite> <!-- Error Validation Test -->
